<?xml version="1.0" encoding="UTF-8"?>
<!-- Generated by org.testng.reporters.JUnitReportReporter -->
<testsuite skipped="0" hostname="LAPTOP-N5KDQ5O7" name="com.programe.Test1" tests="1" failures="0" timestamp="16 Oct 2019 08:40:55 GMT" time="0.014" errors="0">
  <testcase name="a" time="0.014" classname="com.programe.Test1"/>
</testsuite> <!-- com.programe.Test1 -->
